\BOOKMARK [1][-]{section.1}{\376\377\000I\000n\000t\000r\000o\000d\000u\000c\000t\000i\000o\000n}{}% 1
\BOOKMARK [1][-]{section.2}{\376\377\000S\000y\000s\000t\000e\000m\000\040\000A\000r\000c\000h\000i\000t\000e\000c\000t\000u\000r\000e}{}% 2
\BOOKMARK [2][-]{subsection.2.1}{\376\377\000T\000o\000p\000\040\000L\000e\000v\000e\000l\000\040\000M\000o\000d\000u\000l\000e\000\040\000D\000e\000c\000o\000m\000p\000o\000s\000i\000t\000i\000o\000n}{section.2}% 3
\BOOKMARK [2][-]{subsection.2.2}{\376\377\000A\000r\000c\000h\000i\000t\000e\000c\000t\000u\000r\000a\000l\000\040\000B\000l\000o\000c\000k\000\040\000D\000i\000a\000g\000r\000a\000m}{section.2}% 4
\BOOKMARK [2][-]{subsection.2.3}{\376\377\000R\000e\000c\000o\000r\000d\000\040\000a\000n\000d\000\040\000F\000r\000a\000m\000e\000\040\000I\000n\000t\000e\000r\000f\000a\000c\000e\000s}{section.2}% 5
\BOOKMARK [2][-]{subsection.2.4}{\376\377\000S\000i\000m\000u\000l\000a\000t\000i\000o\000n\000\040\000G\000e\000n\000e\000r\000a\000t\000e\000d\000\040\000R\000e\000c\000o\000r\000d\000\040\000L\000a\000y\000o\000u\000t}{section.2}% 6
\BOOKMARK [1][-]{section.3}{\376\377\000M\000e\000t\000h\000o\000d\000o\000l\000o\000g\000y\000\040\000a\000n\000d\000\040\000R\000T\000L\000\040\000S\000t\000y\000l\000e\000\040\000M\000o\000d\000e\000l\000i\000n\000g\000\040\000A\000p\000p\000r\000o\000a\000c\000h}{}% 7
\BOOKMARK [2][-]{subsection.3.1}{\376\377\000D\000e\000t\000e\000r\000m\000i\000n\000i\000s\000t\000i\000c\000\040\000S\000c\000h\000e\000d\000u\000l\000i\000n\000g\000\040\000a\000n\000d\000\040\000T\000i\000c\000k\000\040\000S\000e\000m\000a\000n\000t\000i\000c\000s}{section.3}% 8
\BOOKMARK [2][-]{subsection.3.2}{\376\377\000F\000i\000x\000e\000d\000\040\000W\000i\000d\000t\000h\000\040\000A\000r\000i\000t\000h\000m\000e\000t\000i\000c\000\040\000a\000n\000d\000\040\000S\000a\000t\000u\000r\000a\000t\000i\000o\000n\000s}{section.3}% 9
\BOOKMARK [2][-]{subsection.3.3}{\376\377\000S\000y\000n\000t\000h\000e\000s\000i\000z\000a\000b\000l\000e\000\040\000M\000e\000m\000o\000r\000y\000\040\000S\000t\000r\000u\000c\000t\000u\000r\000e\000s}{section.3}% 10
\BOOKMARK [1][-]{section.4}{\376\377\000S\000a\000m\000p\000l\000i\000n\000g\000\040\000T\000h\000e\000o\000r\000y\000\040\000a\000n\000d\000\040\000T\000i\000m\000e\000s\000t\000a\000m\000p\000\040\000R\000e\000s\000o\000l\000u\000t\000i\000o\000n}{}% 11
\BOOKMARK [2][-]{subsection.4.1}{\376\377\000S\000a\000m\000p\000l\000i\000n\000g\000\040\000P\000e\000r\000i\000o\000d\000\040\000a\000n\000d\000\040\000E\000f\000f\000e\000c\000t\000i\000v\000e\000\040\000R\000a\000t\000e}{section.4}% 12
\BOOKMARK [2][-]{subsection.4.2}{\376\377\000T\000i\000m\000e\000s\000t\000a\000m\000p\000\040\000M\000o\000d\000e\000l\000\040\000a\000n\000d\000\040\000B\000o\000u\000n\000d\000e\000d\000\040\000J\000i\000t\000t\000e\000r}{section.4}% 13
\BOOKMARK [1][-]{section.5}{\376\377\000F\000i\000x\000e\000d\000\040\000P\000o\000i\000n\000t\000\040\000F\000i\000l\000t\000e\000r\000i\000n\000g\000\040\000a\000n\000d\000\040\000Q\000u\000a\000n\000t\000i\000z\000a\000t\000i\000o\000n\000\040\000E\000r\000r\000o\000r}{}% 14
\BOOKMARK [2][-]{subsection.5.1}{\376\377\000M\000o\000v\000i\000n\000g\000\040\000A\000v\000e\000r\000a\000g\000e\000\040\000F\000i\000l\000t\000e\000r}{section.5}% 15
\BOOKMARK [2][-]{subsection.5.2}{\376\377\000I\000m\000p\000u\000l\000s\000e\000\040\000R\000e\000s\000p\000o\000n\000s\000e\000\040\000a\000n\000d\000\040\000G\000r\000o\000u\000p\000\040\000D\000e\000l\000a\000y}{section.5}% 16
\BOOKMARK [2][-]{subsection.5.3}{\376\377\000Q\000u\000a\000n\000t\000i\000z\000a\000t\000i\000o\000n\000\040\000N\000o\000i\000s\000e\000\040\000B\000o\000u\000n\000d\000s}{section.5}% 17
\BOOKMARK [2][-]{subsection.5.4}{\376\377\000S\000y\000n\000t\000h\000e\000s\000i\000z\000a\000b\000l\000e\000\040\000D\000a\000t\000a\000p\000a\000t\000h\000\040\000V\000i\000e\000w\000\040\000o\000f\000\040\000t\000h\000e\000\040\000M\000o\000v\000i\000n\000g\000\040\000A\000v\000e\000r\000a\000g\000e}{section.5}% 18
\BOOKMARK [1][-]{section.6}{\376\377\000F\000S\000M\000\040\000D\000e\000s\000i\000g\000n\000\040\000a\000n\000d\000\040\000T\000i\000m\000i\000n\000g\000\040\000B\000e\000h\000a\000v\000i\000o\000r}{}% 19
\BOOKMARK [2][-]{subsection.6.1}{\376\377\000S\000t\000a\000t\000e\000\040\000E\000n\000c\000o\000d\000i\000n\000g\000\040\000a\000n\000d\000\040\000T\000r\000a\000n\000s\000i\000t\000i\000o\000n\000s}{section.6}% 20
\BOOKMARK [2][-]{subsection.6.2}{\376\377\000A\000c\000t\000u\000a\000t\000o\000r\000\040\000O\000u\000t\000p\000u\000t\000s\000\040\000a\000n\000d\000\040\000S\000a\000f\000e\000t\000y}{section.6}% 21
\BOOKMARK [2][-]{subsection.6.3}{\376\377\000S\000t\000a\000t\000e\000\040\000D\000i\000a\000g\000r\000a\000m\000\040\000\050\000C\000o\000n\000t\000r\000o\000l\000\040\000F\000S\000M\000\051}{section.6}% 22
\BOOKMARK [2][-]{subsection.6.4}{\376\377\000F\000S\000M\000\040\000a\000s\000\040\000a\000\040\000S\000y\000n\000c\000h\000r\000o\000n\000o\000u\000s\000\040\000N\000e\000x\000t\000-\000S\000t\000a\000t\000e\000\040\000F\000u\000n\000c\000t\000i\000o\000n}{section.6}% 23
\BOOKMARK [2][-]{subsection.6.5}{\376\377\000A\000c\000t\000u\000a\000t\000o\000r\000\040\000O\000u\000t\000p\000u\000t\000\040\000L\000o\000g\000i\000c\000\040\000\050\000I\000n\000t\000e\000r\000p\000r\000e\000t\000a\000t\000i\000o\000n\000\051}{section.6}% 24
\BOOKMARK [1][-]{section.7}{\376\377\000A\000l\000a\000r\000m\000\040\000D\000e\000b\000o\000u\000n\000c\000e\000\040\000D\000e\000r\000i\000v\000a\000t\000i\000o\000n}{}% 25
\BOOKMARK [2][-]{subsection.7.1}{\376\377\000H\000y\000s\000t\000e\000r\000e\000s\000i\000s\000\040\000a\000n\000d\000\040\000D\000e\000b\000o\000u\000n\000c\000e}{section.7}% 26
\BOOKMARK [2][-]{subsection.7.2}{\376\377\000D\000e\000b\000o\000u\000n\000c\000e\000\040\000a\000s\000\040\000a\000\040\000S\000m\000a\000l\000l\000\040\000T\000w\000o\000-\000S\000t\000a\000t\000e\000\040\000F\000S\000M}{section.7}% 27
\BOOKMARK [2][-]{subsection.7.3}{\376\377\000E\000v\000e\000n\000t\000\040\000D\000e\000t\000e\000c\000t\000i\000o\000n}{section.7}% 28
\BOOKMARK [1][-]{section.8}{\376\377\000H\000i\000s\000t\000o\000r\000i\000a\000n\000\040\000L\000o\000g\000g\000e\000r\000\040\000a\000n\000d\000\040\000F\000I\000F\000O\000\040\000S\000i\000z\000i\000n\000g}{}% 29
\BOOKMARK [2][-]{subsection.8.1}{\376\377\000R\000e\000c\000o\000r\000d\000\040\000G\000e\000n\000e\000r\000a\000t\000i\000o\000n\000\040\000R\000a\000t\000e}{section.8}% 30
\BOOKMARK [2][-]{subsection.8.2}{\376\377\000F\000I\000F\000O\000\040\000C\000i\000r\000c\000u\000i\000t\000\040\000S\000k\000e\000t\000c\000h\000\040\000\050\000S\000y\000n\000t\000h\000e\000s\000i\000z\000a\000b\000l\000e\000\040\000V\000i\000e\000w\000\051}{section.8}% 31
\BOOKMARK [1][-]{section.9}{\376\377\000P\000a\000c\000k\000e\000t\000i\000z\000e\000r\000\040\000a\000n\000d\000\040\000C\000R\000C\000\040\000P\000o\000l\000y\000n\000o\000m\000i\000a\000l}{}% 32
\BOOKMARK [2][-]{subsection.9.1}{\376\377\000F\000r\000a\000m\000e\000\040\000F\000o\000r\000m\000a\000t\000\040\000a\000n\000d\000\040\000C\000R\000C\0001\0006}{section.9}% 33
\BOOKMARK [2][-]{subsection.9.2}{\376\377\000C\000R\000C\000\040\000B\000i\000t\000w\000i\000s\000e\000\040\000U\000p\000d\000a\000t\000e\000\040\000a\000s\000\040\000a\000n\000\040\000L\000F\000S\000R\000\040\000\050\000C\000i\000r\000c\000u\000i\000t\000\040\000P\000e\000r\000s\000p\000e\000c\000t\000i\000v\000e\000\051}{section.9}% 34
\BOOKMARK [2][-]{subsection.9.3}{\376\377\000E\000m\000b\000e\000d\000d\000e\000d\000\040\000C\000R\000C\000\040\000C\000o\000n\000f\000i\000g\000u\000r\000a\000t\000i\000o\000n\000\040\000a\000n\000d\000\040\000V\000a\000l\000i\000d\000a\000t\000i\000o\000n\000\040\000V\000e\000c\000t\000o\000r\000s}{section.9}% 35
\BOOKMARK [1][-]{section.10}{\376\377\000P\000r\000o\000t\000o\000c\000o\000l\000\040\000M\000u\000l\000t\000i\000p\000l\000e\000x\000e\000r}{}% 36
\BOOKMARK [1][-]{section.11}{\376\377\000S\000t\000r\000e\000a\000m\000i\000n\000g\000\040\000H\000a\000n\000d\000s\000h\000a\000k\000e\000,\000\040\000T\000h\000r\000o\000u\000g\000h\000p\000u\000t\000,\000\040\000a\000n\000d\000\040\000L\000a\000t\000e\000n\000c\000y\000\040\000B\000o\000u\000n\000d\000s}{}% 37
\BOOKMARK [2][-]{subsection.11.1}{\376\377\000H\000a\000n\000d\000s\000h\000a\000k\000e\000\040\000M\000o\000d\000e\000l}{section.11}% 38
\BOOKMARK [2][-]{subsection.11.2}{\376\377\000P\000a\000c\000k\000e\000t\000i\000z\000e\000r\000\040\000M\000i\000c\000r\000o\000-\000F\000S\000M\000\040\000\050\000I\000d\000l\000e\000\040\000v\000s\000\040\000S\000e\000n\000d\000i\000n\000g\000\051}{section.11}% 39
\BOOKMARK [2][-]{subsection.11.3}{\376\377\000B\000a\000c\000k\000p\000r\000e\000s\000s\000u\000r\000e\000\040\000A\000d\000j\000u\000s\000t\000e\000d\000\040\000S\000e\000r\000v\000i\000c\000e\000\040\000B\000o\000u\000n\000d}{section.11}% 40
\BOOKMARK [2][-]{subsection.11.4}{\376\377\000L\000a\000t\000e\000n\000c\000y\000\040\000D\000e\000f\000i\000n\000i\000t\000i\000o\000n\000\040\000a\000n\000d\000\040\000M\000e\000a\000s\000u\000r\000e\000m\000e\000n\000t}{section.11}% 41
\BOOKMARK [1][-]{section.12}{\376\377\000V\000e\000r\000i\000f\000i\000c\000a\000t\000i\000o\000n\000\040\000S\000t\000r\000a\000t\000e\000g\000y\000\040\000a\000n\000d\000\040\000D\000e\000t\000e\000r\000m\000i\000n\000i\000s\000m}{}% 42
\BOOKMARK [2][-]{subsection.12.1}{\376\377\000P\000s\000e\000u\000d\000o\000\040\000R\000T\000L\000\040\000L\000i\000s\000t\000i\000n\000g\000s}{section.12}% 43
\BOOKMARK [1][-]{section.13}{\376\377\000R\000e\000s\000u\000l\000t\000s\000\040\000a\000n\000d\000\040\000D\000i\000s\000c\000u\000s\000s\000i\000o\000n}{}% 44
\BOOKMARK [2][-]{subsection.13.1}{\376\377\000S\000e\000n\000s\000o\000r\000\040\000D\000y\000n\000a\000m\000i\000c\000s}{section.13}% 45
\BOOKMARK [2][-]{subsection.13.2}{\376\377\000R\000u\000n\000\040\000S\000u\000m\000m\000a\000r\000y\000\040\000\050\000E\000m\000b\000e\000d\000d\000e\000d\000\051}{section.13}% 46
\BOOKMARK [2][-]{subsection.13.3}{\376\377\000C\000o\000n\000f\000i\000g\000u\000r\000a\000t\000i\000o\000n\000\040\000M\000e\000t\000a\000d\000a\000t\000a\000\040\000\050\000E\000m\000b\000e\000d\000d\000e\000d\000\051}{section.13}% 47
\BOOKMARK [2][-]{subsection.13.4}{\376\377\000T\000h\000r\000e\000s\000h\000o\000l\000d\000s\000\040\000\050\000E\000m\000b\000e\000d\000d\000e\000d\000\051}{section.13}% 48
\BOOKMARK [1][-]{section.14}{\376\377\000C\000o\000n\000c\000l\000u\000s\000i\000o\000n}{}% 49
