\BOOKMARK [1][-]{section.1}{\376\377\000I\000n\000t\000r\000o\000d\000u\000c\000t\000i\000o\000n}{}% 1
\BOOKMARK [1][-]{section.2}{\376\377\000M\000o\000t\000i\000v\000a\000t\000i\000o\000n}{}% 2
\BOOKMARK [1][-]{section.3}{\376\377\000L\000i\000t\000e\000r\000a\000t\000u\000r\000e\000\040\000R\000e\000v\000i\000e\000w}{}% 3
\BOOKMARK [2][-]{subsection.3.1}{\376\377\000b\000i\000p\000o\000l\000a\000r\000\040\000S\000P\000W\000M}{section.3}% 4
\BOOKMARK [2][-]{subsection.3.2}{\376\377\000S\000c\000a\000l\000a\000r\000\040\000V\000/\000f\000\040\000c\000o\000n\000t\000r\000o\000l\000\040\000a\000n\000d\000\040\000l\000o\000w\000-\000f\000r\000e\000q\000u\000e\000n\000c\000y\000\040\000b\000o\000o\000s\000t}{section.3}% 5
\BOOKMARK [2][-]{subsection.3.3}{\376\377\000D\000i\000g\000i\000t\000a\000l\000\040\000m\000o\000t\000o\000r\000\040\000c\000o\000n\000t\000r\000o\000l\000\040\000i\000m\000p\000l\000e\000m\000e\000n\000t\000a\000t\000i\000o\000n}{section.3}% 6
\BOOKMARK [1][-]{section.4}{\376\377\000R\000e\000s\000e\000a\000r\000c\000h\000\040\000G\000a\000p}{}% 7
\BOOKMARK [1][-]{section.5}{\376\377\000O\000b\000j\000e\000c\000t\000i\000v\000e\000s}{}% 8
\BOOKMARK [1][-]{section.6}{\376\377\000T\000h\000e\000o\000r\000y\000:\000\040\000M\000o\000d\000u\000l\000a\000t\000i\000o\000n\000\040\000a\000n\000d\000\040\000S\000c\000h\000e\000d\000u\000l\000i\000n\000g}{}% 9
\BOOKMARK [2][-]{subsection.6.1}{\376\377\000b\000i\000p\000o\000l\000a\000r\000\040\000S\000P\000W\000M\000\040\000f\000o\000r\000m\000u\000l\000a\000t\000i\000o\000n}{section.6}% 10
\BOOKMARK [2][-]{subsection.6.2}{\376\377\000S\000c\000a\000l\000a\000r\000\040\000V\000/\000f\000\040\000s\000c\000h\000e\000d\000u\000l\000i\000n\000g\000\040\000w\000i\000t\000h\000\040\000b\000o\000o\000s\000t}{section.6}% 11
\BOOKMARK [1][-]{section.7}{\376\377\000R\000e\000s\000u\000l\000t\000s\000\040\000a\000n\000d\000\040\000D\000i\000s\000c\000u\000s\000s\000i\000o\000n}{}% 12
\BOOKMARK [2][-]{subsection.7.1}{\376\377\000T\000i\000m\000e\000-\000d\000o\000m\000a\000i\000n\000\040\000w\000a\000v\000e\000f\000o\000r\000m\000\040\000e\000v\000i\000d\000e\000n\000c\000e}{section.7}% 13
\BOOKMARK [2][-]{subsection.7.2}{\376\377\000S\000p\000e\000c\000t\000r\000a\000l\000\040\000c\000h\000a\000r\000a\000c\000t\000e\000r\000i\000z\000a\000t\000i\000o\000n}{section.7}% 14
\BOOKMARK [2][-]{subsection.7.3}{\376\377\000S\000w\000e\000e\000p\000\040\000e\000v\000i\000d\000e\000n\000c\000e\000:\000\040\000V\000/\000f\000\040\000s\000c\000h\000e\000d\000u\000l\000e\000\040\000a\000n\000d\000\040\000f\000u\000n\000d\000a\000m\000e\000n\000t\000a\000l\000\040\000t\000r\000a\000c\000k\000i\000n\000g}{section.7}% 15
\BOOKMARK [2][-]{subsection.7.4}{\376\377\000D\000i\000s\000t\000o\000r\000t\000i\000o\000n\000\040\000a\000n\000d\000\040\000s\000w\000i\000t\000c\000h\000i\000n\000g\000\040\000a\000c\000t\000i\000v\000i\000t\000y\000\040\000t\000r\000e\000n\000d\000s}{section.7}% 16
\BOOKMARK [1][-]{section.8}{\376\377\000F\000o\000u\000r\000i\000e\000r\000-\000S\000e\000r\000i\000e\000s\000\040\000I\000n\000t\000e\000r\000p\000r\000e\000t\000a\000t\000i\000o\000n\000\040\000o\000f\000\040\000t\000h\000e\000\040\000L\000i\000n\000e\000\040\000V\000o\000l\000t\000a\000g\000e}{}% 17
\BOOKMARK [1][-]{section.9}{\376\377\000V\000L\000S\000I\000\040\000/\000\040\000R\000T\000L\000\040\000I\000m\000p\000l\000e\000m\000e\000n\000t\000a\000t\000i\000o\000n\000\040\000O\000r\000i\000e\000n\000t\000e\000d\000\040\000D\000e\000s\000i\000g\000n}{}% 18
\BOOKMARK [2][-]{subsection.9.1}{\376\377\000D\000i\000s\000c\000r\000e\000t\000e\000-\000t\000i\000m\000e\000\040\000r\000e\000a\000l\000i\000z\000a\000t\000i\000o\000n\000\040\000a\000n\000d\000\040\000f\000i\000x\000e\000d\000-\000p\000o\000i\000n\000t\000\040\000s\000i\000g\000n\000a\000l\000\040\000m\000o\000d\000e\000l}{section.9}% 19
\BOOKMARK [2][-]{subsection.9.2}{\376\377\000T\000r\000i\000a\000n\000g\000l\000e\000\040\000c\000a\000r\000r\000i\000e\000r\000\040\000g\000e\000n\000e\000r\000a\000t\000o\000r\000\040\000a\000n\000d\000\040\000c\000a\000r\000r\000i\000e\000r\000\040\000q\000u\000a\000n\000t\000i\000z\000a\000t\000i\000o\000n\000\040\000r\000e\000l\000a\000t\000i\000o\000n}{section.9}% 20
\BOOKMARK [2][-]{subsection.9.3}{\376\377\000C\000o\000m\000p\000a\000r\000a\000t\000o\000r\000-\000o\000n\000l\000y\000\040\000P\000W\000M\000\040\000c\000o\000r\000e\000\040\000\050\000s\000y\000n\000t\000h\000e\000s\000i\000z\000a\000b\000l\000e\000\051}{section.9}% 21
\BOOKMARK [2][-]{subsection.9.4}{\376\377\000D\000e\000a\000d\000-\000t\000i\000m\000e\000\040\000i\000n\000s\000e\000r\000t\000i\000o\000n\000\040\000a\000s\000\040\000a\000\040\000s\000a\000f\000e\000t\000y\000-\000c\000r\000i\000t\000i\000c\000a\000l\000\040\000F\000S\000M}{section.9}% 22
\BOOKMARK [2][-]{subsection.9.5}{\376\377\000V\000e\000r\000t\000i\000c\000a\000l\000\040\000R\000T\000L\000\040\000d\000a\000t\000a\000p\000a\000t\000h\000\040\000\050\000l\000a\000y\000o\000u\000t\000-\000s\000t\000a\000b\000l\000e\000\051}{section.9}% 23
\BOOKMARK [2][-]{subsection.9.6}{\376\377\000D\000e\000a\000d\000-\000t\000i\000m\000e\000\040\000w\000a\000v\000e\000f\000o\000r\000m\000\040\000e\000v\000i\000d\000e\000n\000c\000e}{section.9}% 24
\BOOKMARK [2][-]{subsection.9.7}{\376\377\000A\000r\000e\000a\000,\000\040\000t\000i\000m\000i\000n\000g\000,\000\040\000a\000n\000d\000\040\000b\000i\000t\000-\000w\000i\000d\000t\000h\000\040\000p\000l\000a\000n\000n\000i\000n\000g}{section.9}% 25
\BOOKMARK [1][-]{section.10}{\376\377\000A\000p\000p\000l\000i\000c\000a\000t\000i\000o\000n\000s}{}% 26
\BOOKMARK [2][-]{subsection.10.1}{\376\377\000I\000n\000d\000u\000c\000t\000i\000o\000n\000\040\000m\000o\000t\000o\000r\000\040\000c\000o\000n\000t\000r\000o\000l\000\040\000\050\000s\000c\000a\000l\000a\000r\000\040\000V\000/\000f\000\040\000d\000r\000i\000v\000e\000\051}{section.10}% 27
\BOOKMARK [2][-]{subsection.10.2}{\376\377\000E\000l\000e\000c\000t\000r\000i\000c\000\040\000v\000e\000h\000i\000c\000l\000e\000\040\000m\000o\000t\000o\000r\000\040\000d\000r\000i\000v\000e\000s}{section.10}% 28
\BOOKMARK [2][-]{subsection.10.3}{\376\377\000G\000r\000i\000d\000-\000c\000o\000n\000n\000e\000c\000t\000e\000d\000\040\000i\000n\000v\000e\000r\000t\000e\000r\000\040\000s\000y\000s\000t\000e\000m\000s}{section.10}% 29
\BOOKMARK [2][-]{subsection.10.4}{\376\377\000A\000c\000t\000i\000v\000e\000\040\000h\000a\000r\000m\000o\000n\000i\000c\000\040\000f\000i\000l\000t\000e\000r\000i\000n\000g}{section.10}% 30
\BOOKMARK [1][-]{section.11}{\376\377\000C\000o\000n\000c\000l\000u\000s\000i\000o\000n}{}% 31
